<?xml version="1.0" encoding="UTF-8"?>
<!-- Generated by org.testng.reporters.JUnitXMLReporter -->
<testsuite ignored="29" hostname="PS-L6" failures="1" tests="1" name="Default test" time="662.439" errors="0" timestamp="2025-07-10T18:14:54 IST">
  <testcase classname="com.report.test.transaction" name="testClickFirstEmailOccurrence" time="649.193">
    <failure type="org.openqa.selenium.remote.UnreachableBrowserException" message="Error communicating with the remote browser. It may have died.
Build info: version: &amp;apos;4.27.0&amp;apos;, revision: &amp;apos;d6e718d134&amp;apos;
System info: os.name: &amp;apos;Windows 10&amp;apos;, os.arch: &amp;apos;amd64&amp;apos;, os.version: &amp;apos;10.0&amp;apos;, java.version: &amp;apos;17.0.12&amp;apos;
Driver info: org.openqa.selenium.chrome.ChromeDriver
Command: [7779d3104431b956f8abd94cdce8f4ea, getElementText [id]]
Capabilities {acceptInsecureCerts: false, browserName: chrome, browserVersion: 138.0.7204.100, chrome: {chromedriverVersion: 138.0.7204.94 (545025748884..., userDataDir: C:\Users\LENOVO\AppData\Loc...}, fedcm:accounts: true, goog:chromeOptions: {debuggerAddress: localhost:62729}, networkConnectionEnabled: false, pageLoadStrategy: normal, platformName: windows, proxy: Proxy(), se:cdp: ws://localhost:62729/devtoo..., se:cdpVersion: 138.0.7204.100, setWindowRect: true, strictFileInteractability: false, timeouts: {implicit: 0, pageLoad: 300000, script: 30000}, unhandledPromptBehavior: dismiss and notify, webauthn:extension:credBlob: true, webauthn:extension:largeBlob: true, webauthn:extension:minPinLength: true, webauthn:extension:prf: true, webauthn:virtualAuthenticators: true}
Element: [[[[ChromeDriver: chrome on windows (7779d3104431b956f8abd94cdce8f4ea)] -&amp;gt; xpath: (//th[text()=&amp;apos;Transaction ID&amp;apos;])[1]/ancestor::table//td[6]]] -&amp;gt; xpath: //tbody[@id=&amp;apos;filterTransStats&amp;apos;]/tr[1]/td]
Session ID: 7779d3104431b956f8abd94cdce8f4ea">
      <![CDATA[org.openqa.selenium.remote.UnreachableBrowserException: Error communicating with the remote browser. It may have died.
Build info: version: '4.27.0', revision: 'd6e718d134'
System info: os.name: 'Windows 10', os.arch: 'amd64', os.version: '10.0', java.version: '17.0.12'
Driver info: org.openqa.selenium.chrome.ChromeDriver
Command: [7779d3104431b956f8abd94cdce8f4ea, getElementText [id]]
Capabilities {acceptInsecureCerts: false, browserName: chrome, browserVersion: 138.0.7204.100, chrome: {chromedriverVersion: 138.0.7204.94 (545025748884..., userDataDir: C:\Users\LENOVO\AppData\Loc...}, fedcm:accounts: true, goog:chromeOptions: {debuggerAddress: localhost:62729}, networkConnectionEnabled: false, pageLoadStrategy: normal, platformName: windows, proxy: Proxy(), se:cdp: ws://localhost:62729/devtoo..., se:cdpVersion: 138.0.7204.100, setWindowRect: true, strictFileInteractability: false, timeouts: {implicit: 0, pageLoad: 300000, script: 30000}, unhandledPromptBehavior: dismiss and notify, webauthn:extension:credBlob: true, webauthn:extension:largeBlob: true, webauthn:extension:minPinLength: true, webauthn:extension:prf: true, webauthn:virtualAuthenticators: true}
Element: [[[[ChromeDriver: chrome on windows (7779d3104431b956f8abd94cdce8f4ea)] -> xpath: (//th[text()='Transaction ID'])[1]/ancestor::table//td[6]]] -> xpath: //tbody[@id='filterTransStats']/tr[1]/td]
Session ID: 7779d3104431b956f8abd94cdce8f4ea
at org.openqa.selenium.remote.RemoteWebDriver.execute(RemoteWebDriver.java:572)
at org.openqa.selenium.remote.RemoteWebElement.execute(RemoteWebElement.java:223)
at org.openqa.selenium.remote.RemoteWebElement.getText(RemoteWebElement.java:191)
at com.paysecure_Report.pages.email_transactionPage.clickOnSpecificEmail(email_transactionPage.java:533)
at com.report.test.transaction.testClickFirstEmailOccurrence(transaction.java:320)
at java.base/jdk.internal.reflect.NativeMethodAccessorImpl.invoke0(Native Method)
at java.base/jdk.internal.reflect.NativeMethodAccessorImpl.invoke(NativeMethodAccessorImpl.java:77)
at java.base/jdk.internal.reflect.DelegatingMethodAccessorImpl.invoke(DelegatingMethodAccessorImpl.java:43)
at java.base/java.lang.reflect.Method.invoke(Method.java:568)
at org.testng.internal.invokers.MethodInvocationHelper.invokeMethod(MethodInvocationHelper.java:141)
at org.testng.internal.invokers.TestInvoker.invokeMethod(TestInvoker.java:686)
at org.testng.internal.invokers.TestInvoker.invokeTestMethod(TestInvoker.java:230)
at org.testng.internal.invokers.MethodRunner.runInSequence(MethodRunner.java:63)
at org.testng.internal.invokers.TestInvoker$MethodInvocationAgent.invoke(TestInvoker.java:992)
at org.testng.internal.invokers.TestInvoker.invokeTestMethods(TestInvoker.java:203)
at org.testng.internal.invokers.TestMethodWorker.invokeTestMethods(TestMethodWorker.java:154)
at org.testng.internal.invokers.TestMethodWorker.run(TestMethodWorker.java:134)
at java.base/java.util.ArrayList.forEach(ArrayList.java:1511)
at org.testng.TestRunner.privateRun(TestRunner.java:739)
at org.testng.TestRunner.run(TestRunner.java:614)
at org.testng.SuiteRunner.runTest(SuiteRunner.java:421)
at org.testng.SuiteRunner.runSequentially(SuiteRunner.java:413)
at org.testng.SuiteRunner.privateRun(SuiteRunner.java:373)
at org.testng.SuiteRunner.run(SuiteRunner.java:312)
at org.testng.SuiteRunnerWorker.runSuite(SuiteRunnerWorker.java:52)
at org.testng.SuiteRunnerWorker.run(SuiteRunnerWorker.java:95)
at org.testng.TestNG.runSuitesSequentially(TestNG.java:1274)
at org.testng.TestNG.runSuitesLocally(TestNG.java:1208)
at org.testng.TestNG.runSuites(TestNG.java:1112)
at org.testng.TestNG.run(TestNG.java:1079)
at org.testng.remote.AbstractRemoteTestNG.run(AbstractRemoteTestNG.java:115)
at org.testng.remote.RemoteTestNG.initAndRun(RemoteTestNG.java:293)
at org.testng.remote.RemoteTestNG.main(RemoteTestNG.java:91)
Caused by: java.io.UncheckedIOException: java.net.ConnectException
at org.openqa.selenium.remote.http.jdk.JdkHttpClient.execute0(JdkHttpClient.java:496)
at org.openqa.selenium.remote.http.AddSeleniumUserAgent.lambda$apply$0(AddSeleniumUserAgent.java:42)
at org.openqa.selenium.remote.http.Filter.lambda$andFinally$1(Filter.java:55)
at org.openqa.selenium.remote.http.jdk.JdkHttpClient.lambda$executeAsync$1(JdkHttpClient.java:383)
at java.base/java.util.concurrent.Executors$RunnableAdapter.call(Executors.java:539)
at java.base/java.util.concurrent.FutureTask.run(FutureTask.java:264)
at java.base/java.util.concurrent.ThreadPoolExecutor.runWorker(ThreadPoolExecutor.java:1136)
at java.base/java.util.concurrent.ThreadPoolExecutor$Worker.run(ThreadPoolExecutor.java:635)
at java.base/java.lang.Thread.run(Thread.java:842)
Caused by: java.net.ConnectException
at java.net.http/jdk.internal.net.http.HttpClientImpl.send(HttpClientImpl.java:574)
at java.net.http/jdk.internal.net.http.HttpClientFacade.send(HttpClientFacade.java:123)
at org.openqa.selenium.remote.http.jdk.JdkHttpClient.execute0(JdkHttpClient.java:455)
... 8 more
Caused by: java.net.ConnectException
at java.net.http/jdk.internal.net.http.common.Utils.toConnectException(Utils.java:1055)
at java.net.http/jdk.internal.net.http.PlainHttpConnection.connectAsync(PlainHttpConnection.java:198)
at java.net.http/jdk.internal.net.http.PlainHttpConnection.checkRetryConnect(PlainHttpConnection.java:230)
at java.net.http/jdk.internal.net.http.PlainHttpConnection.lambda$connectAsync$1(PlainHttpConnection.java:206)
at java.base/java.util.concurrent.CompletableFuture.uniHandle(CompletableFuture.java:934)
at java.base/java.util.concurrent.CompletableFuture$UniHandle.tryFire(CompletableFuture.java:911)
at java.base/java.util.concurrent.CompletableFuture.postComplete(CompletableFuture.java:510)
at java.base/java.util.concurrent.CompletableFuture$AsyncSupply.run(CompletableFuture.java:1773)
... 3 more
Caused by: java.nio.channels.ClosedChannelException
at java.base/sun.nio.ch.SocketChannelImpl.ensureOpen(SocketChannelImpl.java:195)
at java.base/sun.nio.ch.SocketChannelImpl.beginConnect(SocketChannelImpl.java:760)
at java.base/sun.nio.ch.SocketChannelImpl.connect(SocketChannelImpl.java:848)
at java.net.http/jdk.internal.net.http.PlainHttpConnection.lambda$connectAsync$0(PlainHttpConnection.java:183)
at java.base/java.security.AccessController.doPrivileged(AccessController.java:569)
at java.net.http/jdk.internal.net.http.PlainHttpConnection.connectAsync(PlainHttpConnection.java:185)
... 9 more
]]>
    </failure>
  </testcase> <!-- testClickFirstEmailOccurrence -->
  <testcase classname="com.report.test.transaction" name="iterateAllTable_Pages" time="0.0">
    <ignored/>
  </testcase> <!-- iterateAllTable_Pages -->
  <testcase classname="com.report.test.transaction" name="transactionUsingSelectMerchant" time="0.0">
    <ignored/>
  </testcase> <!-- transactionUsingSelectMerchant -->
  <testcase classname="com.report.test.transaction" name="validtePaginationInEmailSummaryPage" time="0.0">
    <ignored/>
  </testcase> <!-- validtePaginationInEmailSummaryPage -->
  <testcase classname="com.report.test.transaction" name="verifyTransaCTIONidIn_ActionPage" time="0.0">
    <ignored/>
  </testcase> <!-- verifyTransaCTIONidIn_ActionPage -->
  <testcase classname="com.report.test.transaction" name="verifyErrorIn_downloadInvoice" time="0.0">
    <ignored/>
  </testcase> <!-- verifyErrorIn_downloadInvoice -->
  <testcase classname="com.report.test.transaction" name="filter_Transaction_And_Open_Detail_Page" time="0.0">
    <ignored/>
  </testcase> <!-- filter_Transaction_And_Open_Detail_Page -->
  <testcase classname="com.report.test.transaction" name="verifyCustomerCard_Frequency" time="0.0">
    <ignored/>
  </testcase> <!-- verifyCustomerCard_Frequency -->
  <testcase classname="com.report.test.transaction" name="verifyCustomerDeviceID_frequency" time="0.0">
    <ignored/>
  </testcase> <!-- verifyCustomerDeviceID_frequency -->
  <testcase classname="com.report.test.transaction" name="verify_downloadInvoice" time="0.0">
    <ignored/>
  </testcase> <!-- verify_downloadInvoice -->
  <testcase classname="com.report.test.transaction" name="verifyCustomeIPS_Frequency" time="0.0">
    <ignored/>
  </testcase> <!-- verifyCustomeIPS_Frequency -->
  <testcase classname="com.report.test.transaction" name="verifyCustomers_Merchant_Frequency" time="0.0">
    <ignored/>
  </testcase> <!-- verifyCustomers_Merchant_Frequency -->
  <testcase classname="com.report.test.transaction" name="selectCurrency" time="0.0">
    <ignored/>
  </testcase> <!-- selectCurrency -->
  <testcase classname="com.report.test.transaction" name="verifyWeekFrequency" time="0.0">
    <ignored/>
  </testcase> <!-- verifyWeekFrequency -->
  <testcase classname="com.report.test.transaction" name="endToEndFlowOfTransaction" time="0.0">
    <ignored/>
  </testcase> <!-- endToEndFlowOfTransaction -->
  <testcase classname="com.report.test.transaction" name="transactionUsingSelectStatus" time="0.0">
    <ignored/>
  </testcase> <!-- transactionUsingSelectStatus -->
  <testcase classname="com.report.test.transaction" name="selectMIDBasedOnBank" time="0.0">
    <ignored/>
  </testcase> <!-- selectMIDBasedOnBank -->
  <testcase classname="com.report.test.transaction" name="verifyTotal_frequency" time="0.0">
    <ignored/>
  </testcase> <!-- verifyTotal_frequency -->
  <testcase classname="com.report.test.transaction" name="transactionUsingSelectBank" time="0.0">
    <ignored/>
  </testcase> <!-- transactionUsingSelectBank -->
  <testcase classname="com.report.test.transaction" name="selectDate" time="0.0">
    <ignored/>
  </testcase> <!-- selectDate -->
  <testcase classname="com.report.test.transaction" name="verifyPurchaseID_EmailSummaryPage" time="0.0">
    <ignored/>
  </testcase> <!-- verifyPurchaseID_EmailSummaryPage -->
  <testcase classname="com.report.test.transaction" name="verifyMonthFrequency" time="0.0">
    <ignored/>
  </testcase> <!-- verifyMonthFrequency -->
  <testcase classname="com.report.test.transaction" name="verifyYearFrequency" time="0.0">
    <ignored/>
  </testcase> <!-- verifyYearFrequency -->
  <testcase classname="com.report.test.transaction" name="verifyAmount_Frequency" time="0.0">
    <ignored/>
  </testcase> <!-- verifyAmount_Frequency -->
  <testcase classname="com.report.test.transaction" name="verifyDayFrequency" time="0.0">
    <ignored/>
  </testcase> <!-- verifyDayFrequency -->
  <testcase classname="com.report.test.transaction" name="status" time="0.0">
    <ignored/>
  </testcase> <!-- status -->
  <testcase classname="com.report.test.transaction" name="selectTimeZoneAndVerify" time="0.0">
    <ignored/>
  </testcase> <!-- selectTimeZoneAndVerify -->
  <testcase classname="com.report.test.transaction" name="allActionOnTransactionPage" time="0.0">
    <ignored/>
  </testcase> <!-- allActionOnTransactionPage -->
  <testcase classname="com.report.test.transaction" name="verifyCustomerCountries_Frequency" time="0.0">
    <ignored/>
  </testcase> <!-- verifyCustomerCountries_Frequency -->
  <testcase classname="com.report.test.transaction" name="selectDateRangeToAndFrom" time="0.0">
    <ignored/>
  </testcase> <!-- selectDateRangeToAndFrom -->
</testsuite> <!-- Default test -->
