<?xml version="1.0" encoding="UTF-8"?>
<!-- Generated by org.testng.reporters.JUnitReportReporter -->
<testsuite hostname="PS-L6" failures="0" tests="11" name="com.paySecure.testngClass.report" time="78.577" errors="1" timestamp="2025-07-02T14:16:26 IST" skipped="10">
  <testcase classname="com.paySecure.testngClass.report" name="validatetransactiondataWithCSV" time="78.577">
    <error message="stale element reference: stale element not found
  (Session info: chrome=138.0.7204.97)
For documentation on this error, please visit: https://www.selenium.dev/documentation/webdriver/troubleshooting/errors#stale-element-reference-exception
Build info: version: &#039;4.20.0&#039;, revision: &#039;866c76ca80&#039;
System info: os.name: &#039;Windows 10&#039;, os.arch: &#039;amd64&#039;, os.version: &#039;10.0&#039;, java.version: &#039;21.0.7&#039;
Driver info: org.openqa.selenium.chrome.ChromeDriver
Command: [581e27c6ff70357ddfbe9e9236c91432, getElementText {id=f.D09ACFD0E245F0DA3B124A9FEDFCFD44.d.8A51AF836FF84CDF98878EB643C6EC84.e.560}]
Capabilities {acceptInsecureCerts: false, browserName: chrome, browserVersion: 138.0.7204.97, chrome: {chromedriverVersion: 138.0.7204.92 (f079b9bc781e..., userDataDir: C:\Users\LENOVO\AppData\Loc...}, fedcm:accounts: true, goog:chromeOptions: {debuggerAddress: localhost:61912}, networkConnectionEnabled: false, pageLoadStrategy: normal, platformName: windows, proxy: Proxy(), se:cdp: ws://localhost:61912/devtoo..., se:cdpVersion: 138.0.7204.97, setWindowRect: true, strictFileInteractability: false, timeouts: {implicit: 0, pageLoad: 300000, script: 30000}, unhandledPromptBehavior: dismiss and notify, webauthn:extension:credBlob: true, webauthn:extension:largeBlob: true, webauthn:extension:minPinLength: true, webauthn:extension:prf: true, webauthn:virtualAuthenticators: true}
Element: [[ChromeDriver: chrome on windows (581e27c6ff70357ddfbe9e9236c91432)] -&gt; xpath: //tbody[@id=&#039;filterTransStats&#039;]/tr/td[8]]
Session ID: 581e27c6ff70357ddfbe9e9236c91432" type="org.openqa.selenium.StaleElementReferenceException">
      <![CDATA[org.openqa.selenium.StaleElementReferenceException: stale element reference: stale element not found
  (Session info: chrome=138.0.7204.97)
For documentation on this error, please visit: https://www.selenium.dev/documentation/webdriver/troubleshooting/errors#stale-element-reference-exception
Build info: version: '4.20.0', revision: '866c76ca80'
System info: os.name: 'Windows 10', os.arch: 'amd64', os.version: '10.0', java.version: '21.0.7'
Driver info: org.openqa.selenium.chrome.ChromeDriver
Command: [581e27c6ff70357ddfbe9e9236c91432, getElementText {id=f.D09ACFD0E245F0DA3B124A9FEDFCFD44.d.8A51AF836FF84CDF98878EB643C6EC84.e.560}]
Capabilities {acceptInsecureCerts: false, browserName: chrome, browserVersion: 138.0.7204.97, chrome: {chromedriverVersion: 138.0.7204.92 (f079b9bc781e..., userDataDir: C:\Users\LENOVO\AppData\Loc...}, fedcm:accounts: true, goog:chromeOptions: {debuggerAddress: localhost:61912}, networkConnectionEnabled: false, pageLoadStrategy: normal, platformName: windows, proxy: Proxy(), se:cdp: ws://localhost:61912/devtoo..., se:cdpVersion: 138.0.7204.97, setWindowRect: true, strictFileInteractability: false, timeouts: {implicit: 0, pageLoad: 300000, script: 30000}, unhandledPromptBehavior: dismiss and notify, webauthn:extension:credBlob: true, webauthn:extension:largeBlob: true, webauthn:extension:minPinLength: true, webauthn:extension:prf: true, webauthn:virtualAuthenticators: true}
Element: [[ChromeDriver: chrome on windows (581e27c6ff70357ddfbe9e9236c91432)] -> xpath: //tbody[@id='filterTransStats']/tr/td[8]]
Session ID: 581e27c6ff70357ddfbe9e9236c91432
at java.base/jdk.internal.reflect.DirectConstructorHandleAccessor.newInstance(DirectConstructorHandleAccessor.java:62)
at java.base/java.lang.reflect.Constructor.newInstanceWithCaller(Constructor.java:502)
at java.base/java.lang.reflect.Constructor.newInstance(Constructor.java:486)
at org.openqa.selenium.remote.ErrorCodec.decode(ErrorCodec.java:167)
at org.openqa.selenium.remote.codec.w3c.W3CHttpResponseCodec.decode(W3CHttpResponseCodec.java:138)
at org.openqa.selenium.remote.codec.w3c.W3CHttpResponseCodec.decode(W3CHttpResponseCodec.java:50)
at org.openqa.selenium.remote.HttpCommandExecutor.execute(HttpCommandExecutor.java:190)
at org.openqa.selenium.remote.service.DriverCommandExecutor.invokeExecute(DriverCommandExecutor.java:216)
at org.openqa.selenium.remote.service.DriverCommandExecutor.execute(DriverCommandExecutor.java:174)
at org.openqa.selenium.remote.RemoteWebDriver.execute(RemoteWebDriver.java:518)
at org.openqa.selenium.remote.RemoteWebElement.execute(RemoteWebElement.java:223)
at org.openqa.selenium.remote.RemoteWebElement.getText(RemoteWebElement.java:191)
at com.report.pomClasses.transaction.validateTransactiondataWithCSV(transaction.java:710)
at com.paySecure.testngClass.report.validatetransactiondataWithCSV(report.java:164)
at java.base/jdk.internal.reflect.DirectMethodHandleAccessor.invoke(DirectMethodHandleAccessor.java:103)
at java.base/java.lang.reflect.Method.invoke(Method.java:580)
at org.testng.internal.invokers.MethodInvocationHelper.invokeMethod(MethodInvocationHelper.java:141)
at org.testng.internal.invokers.TestInvoker.invokeMethod(TestInvoker.java:687)
at org.testng.internal.invokers.TestInvoker.invokeTestMethod(TestInvoker.java:230)
at org.testng.internal.invokers.MethodRunner.runInSequence(MethodRunner.java:63)
at org.testng.internal.invokers.TestInvoker$MethodInvocationAgent.invoke(TestInvoker.java:995)
at org.testng.internal.invokers.TestInvoker.invokeTestMethods(TestInvoker.java:203)
at org.testng.internal.invokers.TestMethodWorker.invokeTestMethods(TestMethodWorker.java:154)
at org.testng.internal.invokers.TestMethodWorker.run(TestMethodWorker.java:134)
at java.base/java.util.ArrayList.forEach(ArrayList.java:1596)
at org.testng.TestRunner.privateRun(TestRunner.java:741)
at org.testng.TestRunner.run(TestRunner.java:616)
at org.testng.SuiteRunner.runTest(SuiteRunner.java:421)
at org.testng.SuiteRunner.runSequentially(SuiteRunner.java:413)
at org.testng.SuiteRunner.privateRun(SuiteRunner.java:373)
at org.testng.SuiteRunner.run(SuiteRunner.java:312)
at org.testng.SuiteRunnerWorker.runSuite(SuiteRunnerWorker.java:52)
at org.testng.SuiteRunnerWorker.run(SuiteRunnerWorker.java:95)
at org.testng.TestNG.runSuitesSequentially(TestNG.java:1274)
at org.testng.TestNG.runSuitesLocally(TestNG.java:1208)
at org.testng.TestNG.runSuites(TestNG.java:1112)
at org.testng.TestNG.run(TestNG.java:1079)
at org.testng.remote.AbstractRemoteTestNG.run(AbstractRemoteTestNG.java:115)
at org.testng.remote.RemoteTestNG.initAndRun(RemoteTestNG.java:293)
at org.testng.remote.RemoteTestNG.main(RemoteTestNG.java:91)
]]>
    </error>
    <system-out>
      <![CDATA[Click on the Date range
select date range :- Yesterday
click on the search button ]]>
    </system-out>
  </testcase> <!-- validatetransactiondataWithCSV -->
  <testcase classname="com.paySecure.testngClass.report" name="selectDate">
    <skipped/>
  </testcase> <!-- selectDate -->
  <testcase classname="com.paySecure.testngClass.report" name="transactionUsingSelectBank">
    <skipped/>
  </testcase> <!-- transactionUsingSelectBank -->
  <testcase classname="com.paySecure.testngClass.report" name="status">
    <skipped/>
  </testcase> <!-- status -->
  <testcase classname="com.paySecure.testngClass.report" name="selectMIDBasedOnBank">
    <skipped/>
  </testcase> <!-- selectMIDBasedOnBank -->
  <testcase classname="com.paySecure.testngClass.report" name="allActionOnTransactionPage">
    <skipped/>
  </testcase> <!-- allActionOnTransactionPage -->
  <testcase classname="com.paySecure.testngClass.report" name="selectDateRangeToAndFrom">
    <skipped/>
  </testcase> <!-- selectDateRangeToAndFrom -->
  <testcase classname="com.paySecure.testngClass.report" name="selectCurrency">
    <skipped/>
  </testcase> <!-- selectCurrency -->
  <testcase classname="com.paySecure.testngClass.report" name="selectTimeZoneAndVerify">
    <skipped/>
  </testcase> <!-- selectTimeZoneAndVerify -->
  <testcase classname="com.paySecure.testngClass.report" name="transactionUsingSelectMerchant">
    <skipped/>
  </testcase> <!-- transactionUsingSelectMerchant -->
  <testcase classname="com.paySecure.testngClass.report" name="endToEndFlowOfTransaction">
    <skipped/>
  </testcase> <!-- endToEndFlowOfTransaction -->
  <system-out>
    <![CDATA[Click on Report Module
Click on Transaction Sub Module
Click on the Date range
select date range :- Yesterday
click on the search button ]]>
  </system-out>
</testsuite> <!-- com.paySecure.testngClass.report -->
